<?xml version="1.0" encoding="UTF-8"?>
<testng-results skipped="0" failed="0" total="1" passed="1">
  <reporter-output>
  </reporter-output>
  <suite name="Suite" duration-ms="51829" started-at="2018-07-06T16:30:16Z" finished-at="2018-07-06T16:31:07Z">
    <groups>
      <group name="cucumber">
        <method signature="cucumber.api.testng.AbstractTestNGCucumberTests.feature(cucumber.api.testng.CucumberFeatureWrapper)" name="feature" class="cucumber.api.testng.AbstractTestNGCucumberTests"/>
      </group>
    </groups>
    <test name="Test" duration-ms="51829" started-at="2018-07-06T16:30:16Z" finished-at="2018-07-06T16:31:07Z">
      <class name="com.practice.qa.Runner">
        <test-method status="PASS" signature="setUpClass()" name="setUpClass" is-config="true" duration-ms="325" started-at="2018-07-06T16:30:26Z" finished-at="2018-07-06T16:30:27Z">
        </test-method>
        <test-method status="PASS" signature="feature(cucumber.api.testng.CucumberFeatureWrapper)" name="feature" duration-ms="40530" started-at="2018-07-06T16:30:27Z" description="Runs Cucumber Feature" finished-at="2018-07-06T16:31:07Z">
          <params>
            <param index="0">
              <value>
                <![CDATA[Get Update Lead Testing]]>
              </value>
            </param>
          </params>
        </test-method>
        <test-method status="PASS" signature="tearDownClass()" name="tearDownClass" is-config="true" duration-ms="14" started-at="2018-07-06T16:31:07Z" finished-at="2018-07-06T16:31:07Z">
        </test-method>
      </class>
    </test>
  </suite>
</testng-results>
