<?xml version="1.0" encoding="UTF-8"?>
<testsuite name="TestSuite" time="41.557" tests="1" errors="0" skipped="0" failures="1">
  <properties>
[...]
</properties>
  <testcase name="feature" classname="com.practice.qa.Runner" time="41.557">
    <failure message="java.lang.AssertionError: expected:&lt;true&gt; but was:&lt;false&gt;" type="cucumber.runtime.CucumberException"><![CDATA[cucumber.runtime.CucumberException: java.lang.AssertionError: expected:<true> but was:<false>
	at cucumber.api.testng.TestNGCucumberRunner.runCucumber(TestNGCucumberRunner.java:69)
	at cucumber.api.testng.AbstractTestNGCucumberTests.feature(AbstractTestNGCucumberTests.java:21)
	at sun.reflect.NativeMethodAccessorImpl.invoke0(Native Method)
	at sun.reflect.NativeMethodAccessorImpl.invoke(NativeMethodAccessorImpl.java:62)
	at sun.reflect.DelegatingMethodAccessorImpl.invoke(DelegatingMethodAccessorImpl.java:43)
	at java.lang.reflect.Method.invoke(Method.java:498)
	at org.testng.internal.MethodInvocationHelper.invokeMethod(MethodInvocationHelper.java:80)
	at org.testng.internal.Invoker.invokeMethod(Invoker.java:673)
	at org.testng.internal.Invoker.invokeTestMethod(Invoker.java:842)
	at org.testng.internal.Invoker.invokeTestMethods(Invoker.java:1166)
	at org.testng.internal.TestMethodWorker.invokeTestMethods(TestMethodWorker.java:125)
	at org.testng.internal.TestMethodWorker.run(TestMethodWorker.java:109)
	at org.testng.TestRunner.runWorkers(TestRunner.java:1172)
	at org.testng.TestRunner.privateRun(TestRunner.java:757)
	at org.testng.TestRunner.run(TestRunner.java:608)
	at org.testng.SuiteRunner.runTest(SuiteRunner.java:334)
	at org.testng.SuiteRunner.runSequentially(SuiteRunner.java:329)
	at org.testng.SuiteRunner.privateRun(SuiteRunner.java:291)
	at org.testng.SuiteRunner.run(SuiteRunner.java:240)
	at org.testng.SuiteRunnerWorker.runSuite(SuiteRunnerWorker.java:52)
	at org.testng.SuiteRunnerWorker.run(SuiteRunnerWorker.java:86)
	at org.testng.TestNG.runSuitesSequentially(TestNG.java:1158)
	at org.testng.TestNG.runSuitesLocally(TestNG.java:1083)
	at org.testng.TestNG.run(TestNG.java:999)
	at org.apache.maven.surefire.testng.TestNGExecutor.run(TestNGExecutor.java:217)
	at org.apache.maven.surefire.testng.TestNGXmlTestSuite.execute(TestNGXmlTestSuite.java:84)
	at org.apache.maven.surefire.testng.TestNGProvider.invoke(TestNGProvider.java:92)
	at org.apache.maven.surefire.booter.ForkedBooter.invokeProviderInSameClassLoader(ForkedBooter.java:200)
	at org.apache.maven.surefire.booter.ForkedBooter.runSuitesInProcess(ForkedBooter.java:153)
	at org.apache.maven.surefire.booter.ForkedBooter.main(ForkedBooter.java:103)
Caused by: java.lang.AssertionError: expected:<true> but was:<false>
	at org.testng.Assert.fail(Assert.java:89)
	at org.testng.Assert.failNotEquals(Assert.java:489)
	at org.testng.Assert.assertTrue(Assert.java:37)
	at org.testng.Assert.assertTrue(Assert.java:47)
	at com.practice.qa.Homepage.VerifyGetUpdateForm(Homepage.java:142)
	at com.practice.qa.StepDef.user_verifies_Golf_form(StepDef.java:24)
	at ✽.Then user verifies Golf form(GUP.feature:11)
]]></failure>
    <system-out><![CDATA[Onstatrt
Set
On trst Start ....................
@GUPLeads
Feature: Get Update Lead Testing
  I want to test Get Update leads used in Project

  @Email
  Scenario Outline: verify Get updates form with email from HomePage                                   &amp#27;[90m# GUP.feature:9&amp#27;[0m
    &amp#27;[36mWhen &amp#27;[0m&amp#27;[36muser clicks on Get updates Link&amp#27;[0m
    &amp#27;[36mThen &amp#27;[0m&amp#27;[36muser verifies Golf form&amp#27;[0m
    &amp#27;[36mAnd &amp#27;[0m&amp#27;[36muser enters details firstname as "<firstName>" lastname as "<lastName>" and zip as "<zip>"&amp#27;[0m
    &amp#27;[36mAnd &amp#27;[0m&amp#27;[36muser enter email as "<email>"&amp#27;[0m
    &amp#27;[36mAnd &amp#27;[0m&amp#27;[36muser click on submit button&amp#27;[0m
    &amp#27;[36mAnd &amp#27;[0m&amp#27;[36muser login to handraiser db on new tab&amp#27;[0m
    &amp#27;[36mAnd &amp#27;[0m&amp#27;[36muser searches for the Lead&amp#27;[0m
    &amp#27;[36mThen &amp#27;[0m&amp#27;[36muser verifies "<lastName>", "<zip>", szBrchr as "NoBlank", szQA as "0799A",szLanguage as "en"&amp#27;[0m
    &amp#27;[36mThen &amp#27;[0m&amp#27;[36muser verifies  "<email>"&amp#27;[0m
    &amp#27;[36mThen &amp#27;[0m&amp#27;[36muser close the tab&amp#27;[0m

    Examples: 

  Background:                         &amp#27;[90m# GUP.feature:5&amp#27;[0m
    &amp#27;[32mGiven &amp#27;[0m&amp#27;[32muser is on vehicle Homepage&amp#27;[0m &amp#27;[90m# StepDef.user_is_on_Homepage()&amp#27;[0m

  @GUPLeads @Email
  Scenario Outline: verify Get updates form with email from HomePage                              &amp#27;[90m# GUP.feature:23&amp#27;[0m
    &amp#27;[32mWhen &amp#27;[0m&amp#27;[32muser clicks on Get updates Link&amp#27;[0m                                                          &amp#27;[90m# StepDef.user_clicks_on_Get_updates_Link()&amp#27;[0m
    &amp#27;[31mThen &amp#27;[0m&amp#27;[31muser verifies Golf form&amp#27;[0m                                                                  &amp#27;[90m# StepDef.user_verifies_Golf_form()&amp#27;[0m
      &amp#27;[31mjava.lang.AssertionError: expected:<true> but was:<false>
      	at org.testng.Assert.fail(Assert.java:89)
      	at org.testng.Assert.failNotEquals(Assert.java:489)
      	at org.testng.Assert.assertTrue(Assert.java:37)
      	at org.testng.Assert.assertTrue(Assert.java:47)
      	at com.practice.qa.Homepage.VerifyGetUpdateForm(Homepage.java:142)
      	at com.practice.qa.StepDef.user_verifies_Golf_form(StepDef.java:24)
      	at ?.Then user verifies Golf form(GUP.feature:11)
      &amp#27;[0m
    &amp#27;[36mAnd &amp#27;[0m&amp#27;[36muser enters details firstname as "&amp#27;[0m&amp#27;[36m&amp#27;[1mFtest&amp#27;[0m&amp#27;[36m" lastname as "&amp#27;[0m&amp#27;[36m&amp#27;[1mLTest&amp#27;[0m&amp#27;[36m" and zip as "&amp#27;[0m&amp#27;[36m&amp#27;[1m48127&amp#27;[0m&amp#27;[36m"&amp#27;[0m           &amp#27;[90m# StepDef.user_enters_details_firstname_as_lastname_as_and_zip_as(String,String,String)&amp#27;[0m
    &amp#27;[36mAnd &amp#27;[0m&amp#27;[36muser enter email as "&amp#27;[0m&amp#27;[36m&amp#27;[1mtest@test.com&amp#27;[0m&amp#27;[36m"&amp#27;[0m                                                       &amp#27;[90m# StepDef.user_enter_email_as(String)&amp#27;[0m
    &amp#27;[36mAnd &amp#27;[0m&amp#27;[36muser click on submit button&amp#27;[0m                                                               &amp#27;[90m# StepDef.user_click_on_submit_button()&amp#27;[0m
    &amp#27;[36mAnd &amp#27;[0m&amp#27;[36muser login to handraiser db on new tab&amp#27;[0m                                                    &amp#27;[90m# StepDef.accessHandRaiser()&amp#27;[0m
    &amp#27;[36mAnd &amp#27;[0m&amp#27;[36muser searches for the Lead&amp#27;[0m                                                                &amp#27;[90m# StepDef.user_searches_for_the_Lead()&amp#27;[0m
    &amp#27;[36mThen &amp#27;[0m&amp#27;[36muser verifies "&amp#27;[0m&amp#27;[36m&amp#27;[1mLTest&amp#27;[0m&amp#27;[36m", "&amp#27;[0m&amp#27;[36m&amp#27;[1m48127&amp#27;[0m&amp#27;[36m", szBrchr as "&amp#27;[0m&amp#27;[36m&amp#27;[1mNoBlank&amp#27;[0m&amp#27;[36m", szQA as "&amp#27;[0m&amp#27;[36m&amp#27;[1m0799A&amp#27;[0m&amp#27;[36m",szLanguage as "&amp#27;[0m&amp#27;[36m&amp#27;[1men&amp#27;[0m&amp#27;[36m"&amp#27;[0m &amp#27;[90m# StepDef.user_verifies_szBrchr_as_szQA_as_szLanguage_as(String,String,String,String,String)&amp#27;[0m
    &amp#27;[36mThen &amp#27;[0m&amp#27;[36muser verifies  "&amp#27;[0m&amp#27;[36m&amp#27;[1mtest@test.com&amp#27;[0m&amp#27;[36m"&amp#27;[0m                                                           &amp#27;[90m# StepDef.user_verifies(String)&amp#27;[0m
    &amp#27;[36mThen &amp#27;[0m&amp#27;[36muser close the tab&amp#27;[0m                                                                       &amp#27;[90m# StepDef.closeTab()&amp#27;[0m
]]></system-out>
    <system-err><![CDATA[Starting ChromeDriver 2.40.565498 (ea082db3280dd6843ebfb08a625e3eb905c4f5ab) on port 44803
Only local connections are allowed.
Jul 06, 2018 6:34:56 PM org.openqa.selenium.remote.ProtocolHandshake createSession
INFO: Attempting bi-dialect session, assuming Postel's Law holds true on the remote end
Jul 06, 2018 6:34:57 PM org.openqa.selenium.remote.ProtocolHandshake createSession
INFO: Detected dialect: OSS
]]></system-err>
  </testcase>
</testsuite>